<?xml version="1.0" encoding="UTF-8"?>
<!-- Generated by org.testng.reporters.JUnitReportReporter -->
<testsuite skipped="0" hostname="corei5" name="com.project.testscript.SeleniumCourseTestScript" tests="1" failures="0" timestamp="15 Jan 2019 18:05:46 GMT" time="49.383" errors="0">
  <testcase name="selcourse" time="49.383" classname="com.project.testscript.SeleniumCourseTestScript"/>
</testsuite> <!-- com.project.testscript.SeleniumCourseTestScript -->
