<?xml version="1.0" encoding="UTF-8"?>
<!-- Generated by org.testng.reporters.JUnitReportReporter -->
<testsuite skipped="0" hostname="corei5" name="com.project.testscript.EnrollCourseTestScript" tests="1" failures="0" timestamp="15 Jan 2019 17:47:11 GMT" time="92.157" errors="0">
  <testcase name="enrollcourse" time="92.157" classname="com.project.testscript.EnrollCourseTestScript"/>
</testsuite> <!-- com.project.testscript.EnrollCourseTestScript -->
