<?xml version="1.0" encoding="UTF-8"?>
<!-- Generated by org.testng.reporters.JUnitReportReporter -->
<testsuite skipped="0" hostname="corei5" name="com.project.testscript.SBlogsTestScript" tests="1" failures="0" timestamp="15 Jan 2019 17:59:03 GMT" time="63.377" errors="0">
  <testcase name="sblogs" time="63.377" classname="com.project.testscript.SBlogsTestScript"/>
</testsuite> <!-- com.project.testscript.SBlogsTestScript -->
