<?xml version="1.0" encoding="UTF-8"?>
<!-- Generated by org.testng.reporters.JUnitReportReporter -->
<testsuite skipped="0" hostname="corei5" name="com.project.testscript.UserProfileTestScript" tests="1" failures="0" timestamp="15 Jan 2019 18:12:14 GMT" time="72.128" errors="0">
  <testcase name="updateuserprofile" time="72.128" classname="com.project.testscript.UserProfileTestScript"/>
</testsuite> <!-- com.project.testscript.UserProfileTestScript -->
